[21:51:35.722] [INFO] storybook v10.3.4
[21:51:36.607] [DEBUG] Getting package.json info for /Users/guillaume/projects/Perso/Alphamix/packages/ui/package.json...
[21:51:37.847] [WARN] 🚨 Unable to index ./src/lib/components/ui/alert-dialog/alert-dialog.stories.svelte:
  SB_SVELTE_CSF_PARSER_EXTRACT_SVELTE_0009 (IndexerParseError): Storybook stories indexer parser threw an unrecognized error.
If you see this error, please report it on the issue tracker on GitHub.

More info: https://github.com/storybookjs/addon-svelte-csf/blob/v5.1.2/ERRORS.md#SB_SVELTE_CSF_PARSER_EXTRACT_SVELTE_0009

    at Object.createIndex (file:///Users/guillaume/projects/Perso/Alphamix/node_modules/@storybook/addon-svelte-csf/dist/indexer/index.js:44:19)
    at async _StoryIndexGenerator.extractStories (file:///Users/guillaume/projects/Perso/Alphamix/node_modules/storybook/dist/core-server/index.js:6107:23)
    at async file:///Users/guillaume/projects/Perso/Alphamix/node_modules/storybook/dist/core-server/index.js:6028:39
    at async Promise.all (index 1)
    at async Promise.all (index 0)
    at async _StoryIndexGenerator.updateExtracted (file:///Users/guillaume/projects/Perso/Alphamix/node_modules/storybook/dist/core-server/index.js:6016:5)
    at async _StoryIndexGenerator.ensureExtracted (file:///Users/guillaume/projects/Perso/Alphamix/node_modules/storybook/dist/core-server/index.js:6051:5)
    at async _StoryIndexGenerator.initialize (file:///Users/guillaume/projects/Perso/Alphamix/node_modules/storybook/dist/core-server/index.js:6012:5)
    at async file:///Users/guillaume/projects/Perso/Alphamix/node_modules/storybook/dist/core-server/presets/common-preset.js:1855:10
    at async Object.experimental_serverChannel (file:///Users/guillaume/projects/Perso/Alphamix/node_modules/@storybook/addon-vitest/dist/preset.js:450:29)
[21:51:37.852] [ERROR] Error: Unable to index ./src/lib/components/ui/alert-dialog/alert-dialog.stories.svelte
    at _StoryIndexGenerator.getIndexAndStats (file:///Users/guillaume/projects/Perso/Alphamix/node_modules/storybook/dist/core-server/index.js:6282:15)
    at async _StoryIndexGenerator.getIndex (file:///Users/guillaume/projects/Perso/Alphamix/node_modules/storybook/dist/core-server/index.js:6271:13)
    at async Object.experimental_serverChannel (file:///Users/guillaume/projects/Perso/Alphamix/node_modules/@storybook/addon-vitest/dist/preset.js:464:14)
    at async buildDevStandalone (file:///Users/guillaume/projects/Perso/Alphamix/node_modules/storybook/dist/core-server/index.js:8027:32)
    at async withTelemetry (file:///Users/guillaume/projects/Perso/Alphamix/node_modules/storybook/dist/_node-chunks/chunk-HUYNFPPD.js:225:12)
    at async dev (file:///Users/guillaume/projects/Perso/Alphamix/node_modules/storybook/dist/bin/core.js:2736:3)
    at async _Command.<anonymous> (file:///Users/guillaume/projects/Perso/Alphamix/node_modules/storybook/dist/bin/core.js:2806:92)
[21:51:37.852] [WARN] Broken build, fix the error above.
You may need to refresh the browser.
[21:52:38.466] [PROMPT] Would you like to send anonymous crash reports to improve Storybook and fix bugs faster? {"choice":false}